ERROR - 2022-03-26 05:45:24 --> Table 'test.articulo' doesn't exist
CRITICAL - 2022-03-26 05:45:24 --> Table 'test.articulo' doesn't exist
#0 /home/ara/PW/code_igniter/system/Database/MySQLi/Connection.php(292): mysqli->query('SELECT *\nFROM `...', 0)
#1 /home/ara/PW/code_igniter/system/Database/BaseConnection.php(670): CodeIgniter\Database\MySQLi\Connection->execute('SELECT *\nFROM `...')
#2 /home/ara/PW/code_igniter/system/Database/BaseConnection.php(598): CodeIgniter\Database\BaseConnection->simpleQuery('SELECT *\nFROM `...')
#3 /home/ara/PW/code_igniter/system/Database/BaseBuilder.php(1455): CodeIgniter\Database\BaseConnection->query('SELECT *\nFROM `...', Array, false)
#4 /home/ara/PW/code_igniter/system/Model.php(183): CodeIgniter\Database\BaseBuilder->get()
#5 /home/ara/PW/code_igniter/system/BaseModel.php(584): CodeIgniter\Model->doFindAll(0, 0)
#6 /home/ara/PW/code_igniter/app/Models/ArticuloModel.php(18): CodeIgniter\BaseModel->findAll()
#7 /home/ara/PW/code_igniter/app/Controllers/Articulo.php(15): App\Models\ArticuloModel->getArticulos()
#8 /home/ara/PW/code_igniter/system/CodeIgniter.php(832): App\Controllers\Articulo->index()
#9 /home/ara/PW/code_igniter/system/CodeIgniter.php(419): CodeIgniter\CodeIgniter->runController(Object(App\Controllers\Articulo))
#10 /home/ara/PW/code_igniter/system/CodeIgniter.php(326): CodeIgniter\CodeIgniter->handleRequest(NULL, Object(Config\Cache), false)
#11 /home/ara/PW/code_igniter/public/index.php(37): CodeIgniter\CodeIgniter->run()
#12 {main}
ERROR - 2022-03-26 05:49:07 --> Table 'test.articulo' doesn't exist
CRITICAL - 2022-03-26 05:49:07 --> Table 'test.articulo' doesn't exist
#0 /home/ara/PW/code_igniter/system/Database/MySQLi/Connection.php(292): mysqli->query('SELECT *\nFROM `...', 0)
#1 /home/ara/PW/code_igniter/system/Database/BaseConnection.php(670): CodeIgniter\Database\MySQLi\Connection->execute('SELECT *\nFROM `...')
#2 /home/ara/PW/code_igniter/system/Database/BaseConnection.php(598): CodeIgniter\Database\BaseConnection->simpleQuery('SELECT *\nFROM `...')
#3 /home/ara/PW/code_igniter/system/Database/BaseBuilder.php(1455): CodeIgniter\Database\BaseConnection->query('SELECT *\nFROM `...', Array, false)
#4 /home/ara/PW/code_igniter/system/Model.php(183): CodeIgniter\Database\BaseBuilder->get()
#5 /home/ara/PW/code_igniter/system/BaseModel.php(584): CodeIgniter\Model->doFindAll(0, 0)
#6 /home/ara/PW/code_igniter/app/Models/ArticuloModel.php(18): CodeIgniter\BaseModel->findAll()
#7 /home/ara/PW/code_igniter/app/Controllers/Articulo.php(15): App\Models\ArticuloModel->getArticulos()
#8 /home/ara/PW/code_igniter/system/CodeIgniter.php(832): App\Controllers\Articulo->index()
#9 /home/ara/PW/code_igniter/system/CodeIgniter.php(419): CodeIgniter\CodeIgniter->runController(Object(App\Controllers\Articulo))
#10 /home/ara/PW/code_igniter/system/CodeIgniter.php(326): CodeIgniter\CodeIgniter->handleRequest(NULL, Object(Config\Cache), false)
#11 /home/ara/PW/code_igniter/public/index.php(37): CodeIgniter\CodeIgniter->run()
#12 {main}
CRITICAL - 2022-03-26 05:57:43 --> Undefined variable $articulos_item
#0 /home/ara/PW/code_igniter/app/Views/articulo/overview.php(7): CodeIgniter\Debug\Exceptions->errorHandler(2, 'Undefined varia...', '/home/ara/PW/co...', 7)
#1 /home/ara/PW/code_igniter/system/View/View.php(210): include('/home/ara/PW/co...')
#2 /home/ara/PW/code_igniter/system/View/View.php(213): CodeIgniter\View\View->CodeIgniter\View\{closure}()
#3 /home/ara/PW/code_igniter/system/Common.php(1089): CodeIgniter\View\View->render('articulo/overvi...', Array, true)
#4 /home/ara/PW/code_igniter/app/Controllers/Articulo.php(19): view('articulo/overvi...', Array)
#5 /home/ara/PW/code_igniter/system/CodeIgniter.php(832): App\Controllers\Articulo->index()
#6 /home/ara/PW/code_igniter/system/CodeIgniter.php(419): CodeIgniter\CodeIgniter->runController(Object(App\Controllers\Articulo))
#7 /home/ara/PW/code_igniter/system/CodeIgniter.php(326): CodeIgniter\CodeIgniter->handleRequest(NULL, Object(Config\Cache), false)
#8 /home/ara/PW/code_igniter/public/index.php(37): CodeIgniter\CodeIgniter->run()
#9 {main}
CRITICAL - 2022-03-26 06:33:05 --> Can't use method return value in write context
#0 [internal function]: CodeIgniter\Debug\Exceptions->shutdownHandler()
#1 {main}
CRITICAL - 2022-03-26 12:20:39 --> required min_length is not a valid rule.
#0 /home/ara/PW/code_igniter/system/Validation/Validation.php(300): CodeIgniter\Validation\Exceptions\ValidationException::forRuleNotFound('required min_le...')
#1 /home/ara/PW/code_igniter/system/Validation/Validation.php(157): CodeIgniter\Validation\Validation->processRules('title', 'title', 'Segundo articul...', Array, Array)
#2 /home/ara/PW/code_igniter/system/Controller.php(160): CodeIgniter\Validation\Validation->run()
#3 /home/ara/PW/code_igniter/app/Controllers/Articulo.php(47): CodeIgniter\Controller->validate(Array)
#4 /home/ara/PW/code_igniter/system/CodeIgniter.php(832): App\Controllers\Articulo->create()
#5 /home/ara/PW/code_igniter/system/CodeIgniter.php(419): CodeIgniter\CodeIgniter->runController(Object(App\Controllers\Articulo))
#6 /home/ara/PW/code_igniter/system/CodeIgniter.php(326): CodeIgniter\CodeIgniter->handleRequest(NULL, Object(Config\Cache), false)
#7 /home/ara/PW/code_igniter/public/index.php(37): CodeIgniter\CodeIgniter->run()
#8 {main}
CRITICAL - 2022-03-26 14:15:51 --> required min_length is not a valid rule.
#0 /home/ara/PW/code_igniter/system/Validation/Validation.php(300): CodeIgniter\Validation\Exceptions\ValidationException::forRuleNotFound('required min_le...')
#1 /home/ara/PW/code_igniter/system/Validation/Validation.php(157): CodeIgniter\Validation\Validation->processRules('title', 'title', 'Articulo 2', Array, Array)
#2 /home/ara/PW/code_igniter/system/Controller.php(160): CodeIgniter\Validation\Validation->run()
#3 /home/ara/PW/code_igniter/app/Controllers/Articulo.php(47): CodeIgniter\Controller->validate(Array)
#4 /home/ara/PW/code_igniter/system/CodeIgniter.php(832): App\Controllers\Articulo->create()
#5 /home/ara/PW/code_igniter/system/CodeIgniter.php(419): CodeIgniter\CodeIgniter->runController(Object(App\Controllers\Articulo))
#6 /home/ara/PW/code_igniter/system/CodeIgniter.php(326): CodeIgniter\CodeIgniter->handleRequest(NULL, Object(Config\Cache), false)
#7 /home/ara/PW/code_igniter/public/index.php(37): CodeIgniter\CodeIgniter->run()
#8 {main}
CRITICAL - 2022-03-26 14:19:18 --> required min_length is not a valid rule.
#0 /home/ara/PW/code_igniter/system/Validation/Validation.php(300): CodeIgniter\Validation\Exceptions\ValidationException::forRuleNotFound('required min_le...')
#1 /home/ara/PW/code_igniter/system/Validation/Validation.php(157): CodeIgniter\Validation\Validation->processRules('title', 'title', 'Articulo 2', Array, Array)
#2 /home/ara/PW/code_igniter/system/Controller.php(160): CodeIgniter\Validation\Validation->run()
#3 /home/ara/PW/code_igniter/app/Controllers/Articulo.php(47): CodeIgniter\Controller->validate(Array)
#4 /home/ara/PW/code_igniter/system/CodeIgniter.php(832): App\Controllers\Articulo->create()
#5 /home/ara/PW/code_igniter/system/CodeIgniter.php(419): CodeIgniter\CodeIgniter->runController(Object(App\Controllers\Articulo))
#6 /home/ara/PW/code_igniter/system/CodeIgniter.php(326): CodeIgniter\CodeIgniter->handleRequest(NULL, Object(Config\Cache), false)
#7 /home/ara/PW/code_igniter/public/index.php(37): CodeIgniter\CodeIgniter->run()
#8 {main}
CRITICAL - 2022-03-26 14:19:30 --> required min_length is not a valid rule.
#0 /home/ara/PW/code_igniter/system/Validation/Validation.php(300): CodeIgniter\Validation\Exceptions\ValidationException::forRuleNotFound('required min_le...')
#1 /home/ara/PW/code_igniter/system/Validation/Validation.php(157): CodeIgniter\Validation\Validation->processRules('title', 'title', 'Articulo 2', Array, Array)
#2 /home/ara/PW/code_igniter/system/Controller.php(160): CodeIgniter\Validation\Validation->run()
#3 /home/ara/PW/code_igniter/app/Controllers/Articulo.php(47): CodeIgniter\Controller->validate(Array)
#4 /home/ara/PW/code_igniter/system/CodeIgniter.php(832): App\Controllers\Articulo->create()
#5 /home/ara/PW/code_igniter/system/CodeIgniter.php(419): CodeIgniter\CodeIgniter->runController(Object(App\Controllers\Articulo))
#6 /home/ara/PW/code_igniter/system/CodeIgniter.php(326): CodeIgniter\CodeIgniter->handleRequest(NULL, Object(Config\Cache), false)
#7 /home/ara/PW/code_igniter/public/index.php(37): CodeIgniter\CodeIgniter->run()
#8 {main}
CRITICAL - 2022-03-26 14:26:55 --> Undefined constant "App\Controllers\Smodel"
#0 /home/ara/PW/code_igniter/system/CodeIgniter.php(832): App\Controllers\Articulo->create()
#1 /home/ara/PW/code_igniter/system/CodeIgniter.php(419): CodeIgniter\CodeIgniter->runController(Object(App\Controllers\Articulo))
#2 /home/ara/PW/code_igniter/system/CodeIgniter.php(326): CodeIgniter\CodeIgniter->handleRequest(NULL, Object(Config\Cache), false)
#3 /home/ara/PW/code_igniter/public/index.php(37): CodeIgniter\CodeIgniter->run()
#4 {main}
