CRITICAL - 2022-03-25 18:20:24 --> Class "App\Controllers\Controller" not found
#0 /home/ara/PW/code_igniter/system/Router/Router.php(518): include_once()
#1 /home/ara/PW/code_igniter/system/Router/Router.php(175): CodeIgniter\Router\Router->autoRoute('Articulo/index')
#2 /home/ara/PW/code_igniter/system/CodeIgniter.php(726): CodeIgniter\Router\Router->handle('Articulo/index')
#3 /home/ara/PW/code_igniter/system/CodeIgniter.php(368): CodeIgniter\CodeIgniter->tryToRouteIt(Object(CodeIgniter\Router\RouteCollection))
#4 /home/ara/PW/code_igniter/system/CodeIgniter.php(326): CodeIgniter\CodeIgniter->handleRequest(NULL, Object(Config\Cache), false)
#5 /home/ara/PW/code_igniter/public/index.php(37): CodeIgniter\CodeIgniter->run()
#6 {main}
CRITICAL - 2022-03-25 18:33:50 --> Undefined constant "App\Controllers\Spage"
#0 /home/ara/PW/code_igniter/system/CodeIgniter.php(832): App\Controllers\Articulo->view('home')
#1 /home/ara/PW/code_igniter/system/CodeIgniter.php(419): CodeIgniter\CodeIgniter->runController(Object(App\Controllers\Articulo))
#2 /home/ara/PW/code_igniter/system/CodeIgniter.php(326): CodeIgniter\CodeIgniter->handleRequest(NULL, Object(Config\Cache), false)
#3 /home/ara/PW/code_igniter/public/index.php(37): CodeIgniter\CodeIgniter->run()
#4 {main}
CRITICAL - 2022-03-25 18:34:07 --> Undefined constant "App\Controllers\Sdata"
#0 /home/ara/PW/code_igniter/system/CodeIgniter.php(832): App\Controllers\Articulo->view('home')
#1 /home/ara/PW/code_igniter/system/CodeIgniter.php(419): CodeIgniter\CodeIgniter->runController(Object(App\Controllers\Articulo))
#2 /home/ara/PW/code_igniter/system/CodeIgniter.php(326): CodeIgniter\CodeIgniter->handleRequest(NULL, Object(Config\Cache), false)
#3 /home/ara/PW/code_igniter/public/index.php(37): CodeIgniter\CodeIgniter->run()
#4 {main}
CRITICAL - 2022-03-25 18:36:51 --> Undefined variable $zpage
#0 /home/ara/PW/code_igniter/app/Controllers/Articulo.php(27): CodeIgniter\Debug\Exceptions->errorHandler(2, 'Undefined varia...', '/home/ara/PW/co...', 27)
#1 /home/ara/PW/code_igniter/system/CodeIgniter.php(832): App\Controllers\Articulo->view('home')
#2 /home/ara/PW/code_igniter/system/CodeIgniter.php(419): CodeIgniter\CodeIgniter->runController(Object(App\Controllers\Articulo))
#3 /home/ara/PW/code_igniter/system/CodeIgniter.php(326): CodeIgniter\CodeIgniter->handleRequest(NULL, Object(Config\Cache), false)
#4 /home/ara/PW/code_igniter/public/index.php(37): CodeIgniter\CodeIgniter->run()
#5 {main}
